<?xml version="1.0" encoding="UTF-8"?>
<!-- Generated by org.testng.reporters.JUnitReportReporter -->
<testsuite hostname="LIN66001940" name="src.test.java.BrokenImages" tests="1" failures="0" timestamp="5 Aug 2018 08:36:17 GMT" time="3.831" errors="0">
  <testcase name="validateInvalidImages" time="3.831" classname="src.test.java.BrokenImages"/>
</testsuite> <!-- src.test.java.BrokenImages -->
